<?xml version="1.0" encoding="UTF-8"?>
<!-- Generated by org.testng.reporters.JUnitReportReporter -->
<testsuite hostname="HUONGLHCM" name="selenium_api.Topic01_CheckEnvironment" tests="1" failures="0" timestamp="21 Sep 2018 06:09:54 GMT" time="4.361" errors="0">
  <testcase name="TC_01_CheckBrowser" time="4.361" classname="selenium_api.Topic01_CheckEnvironment"/>
</testsuite> <!-- selenium_api.Topic01_CheckEnvironment -->
