<?xml version="1.0" encoding="UTF-8"?>
<!-- Generated by org.testng.reporters.JUnitReportReporter -->
<testsuite hostname="HUONGLHCM" name="selenium_api.Topic03_WebBrowser_WebElement" tests="2" failures="0" timestamp="28 Sep 2018 07:37:24 GMT" time="5.020" errors="0">
  <testcase name="TC_021_WebElementCommands" time="0.083" classname="selenium_api.Topic03_WebBrowser_WebElement"/>
  <testcase name="TC_01_WebBrowserCommands" time="4.937" classname="selenium_api.Topic03_WebBrowser_WebElement"/>
</testsuite> <!-- selenium_api.Topic03_WebBrowser_WebElement -->
